Determining if the function sgemm_ exists failed with the following output:
Change Dir: /home/simom/Documents/Uni/3Ddata/Labs/Lab2/cmake-build-debug/CMakeFiles/CMakeScratch/TryCompile-Mjnn78

Run Build Command(s):/snap/clion/235/bin/ninja/linux/x64/ninja cmTC_46301 && [1/2] Building C object CMakeFiles/cmTC_46301.dir/CheckFunctionExists.c.o
[2/2] Linking C executable cmTC_46301
FAILED: cmTC_46301 
: && /usr/bin/cc -DCHECK_FUNCTION_EXISTS=sgemm_ -rdynamic CMakeFiles/cmTC_46301.dir/CheckFunctionExists.c.o -o cmTC_46301   && :
/usr/bin/ld: CMakeFiles/cmTC_46301.dir/CheckFunctionExists.c.o: in function `main':
CheckFunctionExists.c:(.text+0x14): undefined reference to `sgemm_'
collect2: error: ld returned 1 exit status
ninja: build stopped: subcommand failed.



Determining if the function cheev_ exists failed with the following output:
Change Dir: /home/simom/Documents/Uni/3Ddata/Labs/Lab2/cmake-build-debug/CMakeFiles/CMakeScratch/TryCompile-QB10bo

Run Build Command(s):/snap/clion/235/bin/ninja/linux/x64/ninja cmTC_c5185 && [1/2] Building C object CMakeFiles/cmTC_c5185.dir/CheckFunctionExists.c.o
[2/2] Linking C executable cmTC_c5185
FAILED: cmTC_c5185 
: && /usr/bin/cc -DCHECK_FUNCTION_EXISTS=cheev_ -rdynamic CMakeFiles/cmTC_c5185.dir/CheckFunctionExists.c.o -o cmTC_c5185  /usr/lib/x86_64-linux-gnu/libblas.so  /usr/lib/x86_64-linux-gnu/libf77blas.so  /usr/lib/x86_64-linux-gnu/libatlas.so  -lm  -ldl && :
/usr/bin/ld: CMakeFiles/cmTC_c5185.dir/CheckFunctionExists.c.o: in function `main':
CheckFunctionExists.c:(.text+0x14): undefined reference to `cheev_'
collect2: error: ld returned 1 exit status
ninja: build stopped: subcommand failed.



